<?xml version="1.0" encoding="UTF-8"?>
<!-- Generated by org.testng.reporters.JUnitXMLReporter -->
<testsuite ignored="0" hostname="DESKTOP-6QN392I" failures="0" tests="4" name="Test" time="97.631" errors="0" timestamp="2024-10-17T15:29:12 IST">
  <testcase classname="vtigerTests.CreateContactTest" name="createContactWithOrgTest" time="16.492"/>
  <testcase classname="vtigerTests.CreateAndDuplicateLeadTest" name="createLeadTest" time="15.6"/>
  <testcase classname="vtigerTests.CreateOrganizationTest" name="createOrgTest" time="15.856"/>
  <testcase classname="vtigerTests.CreateEventTest" name="createEventTest" time="7.676"/>
</testsuite> <!-- Test -->
