<?xml version="1.0" encoding="UTF-8"?>
<testng-results ignored="0" total="4" passed="4" failed="0" skipped="0">
  <reporter-output>
  </reporter-output>
  <suite started-at="2024-10-17T15:27:35 IST" name="Suite" finished-at="2024-10-17T15:29:12 IST" duration-ms="97631">
    <groups>
    </groups>
    <test started-at="2024-10-17T15:27:35 IST" name="Test" finished-at="2024-10-17T15:29:12 IST" duration-ms="97631">
      <class name="vtigerTests.CreateContactTest">
        <test-method is-config="true" signature="classConfig()[pri:0, instance:vtigerTests.CreateContactTest@67d48005]" started-at="2024-10-17T15:27:35 IST" name="classConfig" finished-at="2024-10-17T15:27:37 IST" duration-ms="2313" status="PASS">
          <reporter-output>
          </reporter-output>
        </test-method> <!-- classConfig -->
        <test-method is-config="true" signature="methodConfig()[pri:0, instance:vtigerTests.CreateContactTest@67d48005]" started-at="2024-10-17T15:27:38 IST" name="methodConfig" finished-at="2024-10-17T15:27:44 IST" duration-ms="6148" status="PASS">
          <reporter-output>
          </reporter-output>
        </test-method> <!-- methodConfig -->
        <test-method signature="createContactWithOrgTest()[pri:0, instance:vtigerTests.CreateContactTest@67d48005]" started-at="2024-10-17T15:27:44 IST" name="createContactWithOrgTest" finished-at="2024-10-17T15:28:00 IST" duration-ms="16492" status="PASS">
          <reporter-output>
          </reporter-output>
        </test-method> <!-- createContactWithOrgTest -->
        <test-method is-config="true" signature="methodTeardown()[pri:0, instance:vtigerTests.CreateContactTest@67d48005]" started-at="2024-10-17T15:28:00 IST" name="methodTeardown" finished-at="2024-10-17T15:28:03 IST" duration-ms="2626" status="PASS">
          <reporter-output>
          </reporter-output>
        </test-method> <!-- methodTeardown -->
        <test-method is-config="true" signature="classTeardown()[pri:0, instance:vtigerTests.CreateContactTest@67d48005]" started-at="2024-10-17T15:28:03 IST" name="classTeardown" finished-at="2024-10-17T15:28:04 IST" duration-ms="819" status="PASS">
          <reporter-output>
          </reporter-output>
        </test-method> <!-- classTeardown -->
      </class> <!-- vtigerTests.CreateContactTest -->
      <class name="vtigerTests.CreateOrganizationTest">
        <test-method is-config="true" signature="classConfig()[pri:0, instance:vtigerTests.CreateOrganizationTest@2a798d51]" started-at="2024-10-17T15:28:28 IST" name="classConfig" finished-at="2024-10-17T15:28:29 IST" duration-ms="1436" status="PASS">
          <reporter-output>
          </reporter-output>
        </test-method> <!-- classConfig -->
        <test-method is-config="true" signature="methodConfig()[pri:0, instance:vtigerTests.CreateOrganizationTest@2a798d51]" started-at="2024-10-17T15:28:29 IST" name="methodConfig" finished-at="2024-10-17T15:28:34 IST" duration-ms="4913" status="PASS">
          <reporter-output>
          </reporter-output>
        </test-method> <!-- methodConfig -->
        <test-method signature="createOrgTest()[pri:0, instance:vtigerTests.CreateOrganizationTest@2a798d51]" started-at="2024-10-17T15:28:34 IST" name="createOrgTest" finished-at="2024-10-17T15:28:50 IST" duration-ms="15856" status="PASS">
          <reporter-output>
          </reporter-output>
        </test-method> <!-- createOrgTest -->
        <test-method is-config="true" signature="methodTeardown()[pri:0, instance:vtigerTests.CreateOrganizationTest@2a798d51]" started-at="2024-10-17T15:28:50 IST" name="methodTeardown" finished-at="2024-10-17T15:28:52 IST" duration-ms="2366" status="PASS">
          <reporter-output>
          </reporter-output>
        </test-method> <!-- methodTeardown -->
        <test-method is-config="true" signature="classTeardown()[pri:0, instance:vtigerTests.CreateOrganizationTest@2a798d51]" started-at="2024-10-17T15:28:52 IST" name="classTeardown" finished-at="2024-10-17T15:28:53 IST" duration-ms="514" status="PASS">
          <reporter-output>
          </reporter-output>
        </test-method> <!-- classTeardown -->
      </class> <!-- vtigerTests.CreateOrganizationTest -->
      <class name="vtigerTests.CreateAndDuplicateLeadTest">
        <test-method is-config="true" signature="classConfig()[pri:0, instance:vtigerTests.CreateAndDuplicateLeadTest@6b81ce95]" started-at="2024-10-17T15:28:04 IST" name="classConfig" finished-at="2024-10-17T15:28:05 IST" duration-ms="1397" status="PASS">
          <reporter-output>
          </reporter-output>
        </test-method> <!-- classConfig -->
        <test-method is-config="true" signature="methodConfig()[pri:0, instance:vtigerTests.CreateAndDuplicateLeadTest@6b81ce95]" started-at="2024-10-17T15:28:05 IST" name="methodConfig" finished-at="2024-10-17T15:28:10 IST" duration-ms="4873" status="PASS">
          <reporter-output>
          </reporter-output>
        </test-method> <!-- methodConfig -->
        <test-method signature="createLeadTest()[pri:0, instance:vtigerTests.CreateAndDuplicateLeadTest@6b81ce95]" started-at="2024-10-17T15:28:10 IST" name="createLeadTest" finished-at="2024-10-17T15:28:25 IST" duration-ms="15600" status="PASS">
          <reporter-output>
          </reporter-output>
        </test-method> <!-- createLeadTest -->
        <test-method is-config="true" signature="methodTeardown()[pri:0, instance:vtigerTests.CreateAndDuplicateLeadTest@6b81ce95]" started-at="2024-10-17T15:28:25 IST" name="methodTeardown" finished-at="2024-10-17T15:28:27 IST" duration-ms="1904" status="PASS">
          <reporter-output>
          </reporter-output>
        </test-method> <!-- methodTeardown -->
        <test-method is-config="true" signature="classTeardown()[pri:0, instance:vtigerTests.CreateAndDuplicateLeadTest@6b81ce95]" started-at="2024-10-17T15:28:27 IST" name="classTeardown" finished-at="2024-10-17T15:28:28 IST" duration-ms="273" status="PASS">
          <reporter-output>
          </reporter-output>
        </test-method> <!-- classTeardown -->
      </class> <!-- vtigerTests.CreateAndDuplicateLeadTest -->
      <class name="vtigerTests.CreateEventTest">
        <test-method is-config="true" signature="classConfig()[pri:0, instance:vtigerTests.CreateEventTest@6d763516]" started-at="2024-10-17T15:28:53 IST" name="classConfig" finished-at="2024-10-17T15:28:54 IST" duration-ms="1341" status="PASS">
          <reporter-output>
          </reporter-output>
        </test-method> <!-- classConfig -->
        <test-method is-config="true" signature="methodConfig()[pri:0, instance:vtigerTests.CreateEventTest@6d763516]" started-at="2024-10-17T15:28:54 IST" name="methodConfig" finished-at="2024-10-17T15:28:59 IST" duration-ms="5206" status="PASS">
          <reporter-output>
          </reporter-output>
        </test-method> <!-- methodConfig -->
        <test-method signature="createEventTest()[pri:0, instance:vtigerTests.CreateEventTest@6d763516]" started-at="2024-10-17T15:28:59 IST" name="createEventTest" finished-at="2024-10-17T15:29:07 IST" duration-ms="7676" status="PASS">
          <reporter-output>
          </reporter-output>
        </test-method> <!-- createEventTest -->
        <test-method is-config="true" signature="methodTeardown()[pri:0, instance:vtigerTests.CreateEventTest@6d763516]" started-at="2024-10-17T15:29:07 IST" name="methodTeardown" finished-at="2024-10-17T15:29:12 IST" duration-ms="5087" status="PASS">
          <reporter-output>
          </reporter-output>
        </test-method> <!-- methodTeardown -->
        <test-method is-config="true" signature="classTeardown()[pri:0, instance:vtigerTests.CreateEventTest@6d763516]" started-at="2024-10-17T15:29:12 IST" name="classTeardown" finished-at="2024-10-17T15:29:12 IST" duration-ms="299" status="PASS">
          <reporter-output>
          </reporter-output>
        </test-method> <!-- classTeardown -->
      </class> <!-- vtigerTests.CreateEventTest -->
    </test> <!-- Test -->
  </suite> <!-- Suite -->
</testng-results>
